[libguides.csun.edu/ae/professional-organizations.html]
[backblue.gif]
[fade.gif]
[index.html]
[libapps.s3.amazonaws.com/apps/common/favicon/apple-touch-icon.png]
[libapps.s3.amazonaws.com/apps/common/favicon/favicon-32x32.png]
[libapps.s3.amazonaws.com/apps/common/favicon/favicon-16x16.png]
[libguides.csun.edu/web/jquery/css/jquery-ui.mindbbf.css]
[libguides.csun.edu/web/font-awesome/4.7.0/css/font-awesome.min.css]
[libguides.csun.edu/web/slick-1.8.1/slick/slick.css]
[libguides.csun.edu/web/slick-1.8.1/slick/slick-theme.css]
[libguides.csun.edu/web/css2.18.6/lg-public.min.css]
[libguides.csun.edu/web/jquery/js/1.12.4_jquery.min.js]
[use.fontawesome.com/809ab86cc7.js]
[code.jquery.com/ui/1.12.1/jquery-ui.min.js]
[libguides.csun.edu/web/js2.18.6/lg-public.min.js]
[libguides.csun.edu/web/jquery/js/jquery-ui.mindbbf.js]
[libguides.csun.edu/web/js/sa.min5819.js]
[www.google-analytics.com/analytics.js]
[library.csun.edu/sites/all/themes/desdemona/images/csun-lockup-responsive.png]
[library.csun.edu/sites/default/files/users/main/images/ulibrary-lockup-responsive-web-header.png]
[libapps.s3.amazonaws.com/customers/3332/images/libguides-menu-button.png]
[libguides.csun.edu/ae/aerospace-engineers.html]
[libguides.csun.edu/ae/history.html]
[libguides.csun.edu/ae/current-topics.html]
[libguides.csun.edu/ae/finding-sources.html]
[libguides.csun.edu/ae/books.html]
[libguides.csun.edu/ae/scholarly-articles.html]
[libguides.csun.edu/ae/videos.html]
[libguides.csun.edu/ae/how-to-read-scientific-articles.html]
[libguides.csun.edu/ae/writing-guides.html]
[libguides.csun.edu/ae/evaluating-sources.html]
[libguides.csun.edu/ae/citing-sources.html]
[libguides.csun.edu/ae/citation-managers.html]
[libguides.csun.edu/ae/presentations-and-images.html]
[libguides.csun.edu/ae/educator-resources.html]
[libapps.s3.amazonaws.com/accounts/44493/profiles/38580/f1.png]
[libguides.csun.edu/ae/professional-organizations.html]
[libguides.csun.edu/ae/career-resources.html]
[libguides.csun.edu/web/jquery/css/images/ui-bg_flat_75_ffffff_40x100.png]
[libguides.csun.edu/web/jquery/css/images/ui-bg_highlight-soft_75_cccccc_1x100.png]
[libguides.csun.edu/web/jquery/css/images/ui-bg_glass_75_e6e6e6_1x400.png]
[libguides.csun.edu/web/jquery/css/images/ui-bg_glass_75_dadada_1x400.png]
[libguides.csun.edu/web/jquery/css/images/ui-bg_glass_65_ffffff_1x400.png]
[libguides.csun.edu/web/jquery/css/images/ui-bg_glass_55_fbf9ee_1x400.png]
[libguides.csun.edu/web/jquery/css/images/ui-bg_glass_95_fef1ec_1x400.png]
[libguides.csun.edu/web/jquery/css/images/ui-icons_222222_256x240.png]
[libguides.csun.edu/web/jquery/css/images/ui-icons_888888_256x240.png]
[libguides.csun.edu/web/jquery/css/images/ui-icons_454545_256x240.png]
[libguides.csun.edu/web/jquery/css/images/ui-icons_2e83ff_256x240.png]
[libguides.csun.edu/web/jquery/css/images/ui-icons_cd0a0a_256x240.png]
[libguides.csun.edu/web/jquery/css/images/ui-bg_flat_0_aaaaaa_40x100.png]
[libguides.csun.edu/web/jquery/css/jquery-ui.mindbbf.css]
[libguides.csun.edu/web/font-awesome/4.7.0/css/font-awesome.min.css]
[libguides.csun.edu/web/slick-1.8.1/slick/slick.css]
[libguides.csun.edu/web/slick-1.8.1/slick/ajax-loader.gif]
[libguides.csun.edu/web/slick-1.8.1/slick/fonts/slick.eot]
[libguides.csun.edu/web/slick-1.8.1/slick/fonts/slickd41d.eot]
[libguides.csun.edu/web/slick-1.8.1/slick/fonts/slick.woff]
[libguides.csun.edu/web/slick-1.8.1/slick/fonts/slick.ttf]
[libguides.csun.edu/web/slick-1.8.1/slick/slick-theme.css]
[libguides.csun.edu/web/css2.18.6/lg-public.min.css]
[www.googletagmanager.com/gtm5445.html]
[library.csun.edu/css/libguides.css]
[library.csun.edu/css/libguides-menu.css]
[libguides.csun.edu/ae/_/images/gray_round_bullet.gif_]
[libguides.csun.edu/ae/aerospace-engineers.html]
[libguides.csun.edu/ae/history.html]
[libguides.csun.edu/ae/current-topics.html]
[library.csun.edu/sites/default/files/users/jas83424/women_or_females.gif]
[library.csun.edu/sites/default/files/users/jas83424/women_and_media.gif]
[library.csun.edu/sites/default/files/users/jas83424/image_not_weight.gif]
[libguides.csun.edu/ae/finding-sources.html]
[library.csun.edu/sites/default/files/users/main/images/main-floor-locker-highlight.png]
[libguides.csun.edu/ae/books.html]
[libguides.csun.edu/ae/scholarly-articles.html]
[libguides.csun.edu/ae/videos.html]
[libguides.csun.edu/ae/how-to-read-scientific-articles.html]
[libguides.csun.edu/ae/writing-guides.html]
[libguides.csun.edu/ae/evaluating-sources.html]
[libguides.csun.edu/ae/citing-sources.html]
[libguides.csun.edu/ae/citation-managers.html]
[libapps.s3.amazonaws.com/accounts/53775/images/google_image_search.png]
[libguides.csun.edu/ae/presentations-and-images.html]
[libguides.csun.edu/ae/educator-resources.html]
[libguides.csun.edu/ae/career-resources.html]
[libguides.csun.edu/web/slick-1.8.1/slick/fonts/slick.svg]
[libguides.csun.edu/ae/_/images/gray_round_bullet.html]
